# JRE version: 7.0_11-b21
# Java VM: Java HotSpot(TM) Client VM (23.6-b04 mixed mode windows-x86 )
Heap
 def new generation   total 45888K, used 37830K [0x102e0000, 0x134a0000, 0x182e0000)
  eden space 40832K,  90% used [0x102e0000, 0x126ea9d8, 0x12ac0000)
  from space 5056K,  18% used [0x12ac0000, 0x12ba70d8, 0x12fb0000)
  to   space 5056K,   0% used [0x12fb0000, 0x12fb0000, 0x134a0000)
 tenured generation   total 152720K, used 91631K [0x182e0000, 0x21804000, 0x302e0000)
   the space 152720K,  59% used [0x182e0000, 0x1dc5bec0, 0x1dc5c000, 0x21804000)
 compacting perm gen  total 38144K, used 38013K [0x302e0000, 0x32820000, 0x362e0000)
   the space 38144K,  99% used [0x302e0000, 0x327ff648, 0x327ff800, 0x32820000)
GC Heap History (10 events):
Event: 43171.652 GC heap before
{Heap before GC invocations=1811 (full 2):
 def new generation   total 34496K, used 31207K [0x102e0000, 0x12840000, 0x182e0000)
  eden space 30720K, 100% used [0x102e0000, 0x120e0000, 0x120e0000)
  from space 3776K,  12% used [0x12490000, 0x12509d80, 0x12840000)
  to   space 3776K,   0% used [0x120e0000, 0x120e0000, 0x12490000)
 tenured generation   total 114692K, used 111604K [0x182e0000, 0x1f2e1000, 0x302e0000)
   the space 114692K,  97% used [0x182e0000, 0x1efdd220, 0x1efdd400, 0x1f2e1000)
 compacting perm gen  total 37888K, used 37717K [0x302e0000, 0x327e0000, 0x362e0000)
   the space 37888K,  99% used [0x302e0000, 0x327b56b0, 0x327b5800, 0x327e0000)
No shared spaces configured.
Event: 43171.656 GC heap after
Heap after GC invocations=1812 (full 2):
 def new generation   total 34496K, used 2883K [0x102e0000, 0x12840000, 0x182e0000)
  eden space 30720K,   0% used [0x102e0000, 0x102e0000, 0x120e0000)
  from space 3776K,  76% used [0x120e0000, 0x123b0e98, 0x12490000)
  to   space 3776K,   0% used [0x12490000, 0x12490000, 0x12840000)
 tenured generation   total 114692K, used 111604K [0x182e0000, 0x1f2e1000, 0x302e0000)
   the space 114692K,  97% used [0x182e0000, 0x1efdd220, 0x1efdd400, 0x1f2e1000)
 compacting perm gen  total 37888K, used 37717K [0x302e0000, 0x327e0000, 0x362e0000)
   the space 37888K,  99% used [0x302e0000, 0x327b56b0, 0x327b5800, 0x327e0000)
No shared spaces configured.
}
Event: 43177.710 GC heap before
{Heap before GC invocations=1812 (full 2):
 def new generation   total 34496K, used 33603K [0x102e0000, 0x12840000, 0x182e0000)
  eden space 30720K, 100% used [0x102e0000, 0x120e0000, 0x120e0000)
  from space 3776K,  76% used [0x120e0000, 0x123b0e98, 0x12490000)
  to   space 3776K,   0% used [0x12490000, 0x12490000, 0x12840000)
 tenured generation   total 114692K, used 111604K [0x182e0000, 0x1f2e1000, 0x302e0000)
   the space 114692K,  97% used [0x182e0000, 0x1efdd220, 0x1efdd400, 0x1f2e1000)
 compacting perm gen  total 37888K, used 37747K [0x302e0000, 0x327e0000, 0x362e0000)
   the space 37888K,  99% used [0x302e0000, 0x327bcf90, 0x327bd000, 0x327e0000)
No shared spaces configured.
Event: 43177.728 GC heap after
Heap after GC invocations=1813 (full 2):
 def new generation   total 34496K, used 3266K [0x102e0000, 0x12840000, 0x182e0000)
  eden space 30720K,   0% used [0x102e0000, 0x102e0000, 0x120e0000)
  from space 3776K,  86% used [0x12490000, 0x127c0870, 0x12840000)
  to   space 3776K,   0% used [0x120e0000, 0x120e0000, 0x12490000)
 tenured generation   total 114692K, used 114129K [0x182e0000, 0x1f2e1000, 0x302e0000)
   the space 114692K,  99% used [0x182e0000, 0x1f254658, 0x1f254800, 0x1f2e1000)
 compacting perm gen  total 37888K, used 37747K [0x302e0000, 0x327e0000, 0x362e0000)
   the space 37888K,  99% used [0x302e0000, 0x327bcf90, 0x327bd000, 0x327e0000)
No shared spaces configured.
}
Event: 43177.919 GC heap before
{Heap before GC invocations=1813 (full 2):
 def new generation   total 34496K, used 33986K [0x102e0000, 0x12840000, 0x182e0000)
  eden space 30720K, 100% used [0x102e0000, 0x120e0000, 0x120e0000)
  from space 3776K,  86% used [0x12490000, 0x127c0870, 0x12840000)
  to   space 3776K,   0% used [0x120e0000, 0x120e0000, 0x12490000)
 tenured generation   total 114692K, used 114129K [0x182e0000, 0x1f2e1000, 0x302e0000)
   the space 114692K,  99% used [0x182e0000, 0x1f254658, 0x1f254800, 0x1f2e1000)
 compacting perm gen  total 37888K, used 37754K [0x302e0000, 0x327e0000, 0x362e0000)
   the space 37888K,  99% used [0x302e0000, 0x327be810, 0x327bea00, 0x327e0000)
No shared spaces configured.
Event: 43178.050 GC heap after
Heap after GC invocations=1814 (full 3):
 def new generation   total 45888K, used 0K [0x102e0000, 0x134a0000, 0x182e0000)
  eden space 40832K,   0% used [0x102e0000, 0x102e0000, 0x12ac0000)
  from space 5056K,   0% used [0x12ac0000, 0x12ac0000, 0x12fb0000)
  to   space 5056K,   0% used [0x12fb0000, 0x12fb0000, 0x134a0000)
 tenured generation   total 152720K, used 91631K [0x182e0000, 0x21804000, 0x302e0000)
   the space 152720K,  59% used [0x182e0000, 0x1dc5bec0, 0x1dc5c000, 0x21804000)
 compacting perm gen  total 37888K, used 37754K [0x302e0000, 0x327e0000, 0x362e0000)
   the space 37888K,  99% used [0x302e0000, 0x327be810, 0x327bea00, 0x327e0000)
No shared spaces configured.
}
Event: 43298.033 GC heap before
{Heap before GC invocations=1814 (full 3):
 def new generation   total 45888K, used 40832K [0x102e0000, 0x134a0000, 0x182e0000)
  eden space 40832K, 100% used [0x102e0000, 0x12ac0000, 0x12ac0000)
  from space 5056K,   0% used [0x12ac0000, 0x12ac0000, 0x12fb0000)
  to   space 5056K,   0% used [0x12fb0000, 0x12fb0000, 0x134a0000)
 tenured generation   total 152720K, used 91631K [0x182e0000, 0x21804000, 0x302e0000)
   the space 152720K,  59% used [0x182e0000, 0x1dc5bec0, 0x1dc5c000, 0x21804000)
 compacting perm gen  total 37888K, used 37781K [0x302e0000, 0x327e0000, 0x362e0000)
   the space 37888K,  99% used [0x302e0000, 0x327c5420, 0x327c5600, 0x327e0000)
No shared spaces configured.
Event: 43298.039 GC heap after
Heap after GC invocations=1815 (full 3):
 def new generation   total 45888K, used 349K [0x102e0000, 0x134a0000, 0x182e0000)
  eden space 40832K,   0% used [0x102e0000, 0x102e0000, 0x12ac0000)
  from space 5056K,   6% used [0x12fb0000, 0x130076f0, 0x134a0000)
  to   space 5056K,   0% used [0x12ac0000, 0x12ac0000, 0x12fb0000)
 tenured generation   total 152720K, used 91631K [0x182e0000, 0x21804000, 0x302e0000)
   the space 152720K,  59% used [0x182e0000, 0x1dc5bec0, 0x1dc5c000, 0x21804000)
 compacting perm gen  total 37888K, used 37781K [0x302e0000, 0x327e0000, 0x362e0000)
   the space 37888K,  99% used [0x302e0000, 0x327c5420, 0x327c5600, 0x327e0000)
No shared spaces configured.
}
Event: 43455.226 GC heap before
{Heap before GC invocations=1815 (full 3):
 def new generation   total 45888K, used 41181K [0x102e0000, 0x134a0000, 0x182e0000)
  eden space 40832K, 100% used [0x102e0000, 0x12ac0000, 0x12ac0000)
  from space 5056K,   6% used [0x12fb0000, 0x130076f0, 0x134a0000)
  to   space 5056K,   0% used [0x12ac0000, 0x12ac0000, 0x12fb0000)
 tenured generation   total 152720K, used 91631K [0x182e0000, 0x21804000, 0x302e0000)
   the space 152720K,  59% used [0x182e0000, 0x1dc5bec0, 0x1dc5c000, 0x21804000)
 compacting perm gen  total 37888K, used 37883K [0x302e0000, 0x327e0000, 0x362e0000)
   the space 37888K,  99% used [0x302e0000, 0x327ded28, 0x327dee00, 0x327e0000)
No shared spaces configured.
Event: 43455.233 GC heap after
Heap after GC invocations=1816 (full 3):
 def new generation   total 45888K, used 924K [0x102e0000, 0x134a0000, 0x182e0000)
  eden space 40832K,   0% used [0x102e0000, 0x102e0000, 0x12ac0000)
  from space 5056K,  18% used [0x12ac0000, 0x12ba70d8, 0x12fb0000)
  to   space 5056K,   0% used [0x12fb0000, 0x12fb0000, 0x134a0000)
 tenured generation   total 152720K, used 91631K [0x182e0000, 0x21804000, 0x302e0000)
   the space 152720K,  59% used [0x182e0000, 0x1dc5bec0, 0x1dc5c000, 0x21804000)
 compacting perm gen  total 37888K, used 37883K [0x302e0000, 0x327e0000, 0x362e0000)
   the space 37888K,  99% used [0x302e0000, 0x327ded28, 0x327dee00, 0x327e0000)
No shared spaces configured.
}

