# JRE version: 7.0_11-b21
# Java VM: Java HotSpot(TM) Client VM (23.6-b04 mixed mode windows-x86 )
Heap
 def new generation   total 89280K, used 29574K [0x102e0000, 0x163b0000, 0x182e0000)
  eden space 79424K,  33% used [0x102e0000, 0x11d389f8, 0x15070000)
  from space 9856K,  26% used [0x15070000, 0x152f8e50, 0x15a10000)
  to   space 9856K,   0% used [0x15a10000, 0x15a10000, 0x163b0000)
 tenured generation   total 297220K, used 168685K [0x182e0000, 0x2a521000, 0x302e0000)
   the space 297220K,  56% used [0x182e0000, 0x2279b4c0, 0x2279b600, 0x2a521000)
 compacting perm gen  total 43008K, used 42981K [0x302e0000, 0x32ce0000, 0x362e0000)
   the space 43008K,  99% used [0x302e0000, 0x32cd9530, 0x32cd9600, 0x32ce0000)
GC Heap History (10 events):
Event: 15763.689 GC heap before
{Heap before GC invocations=301 (full 7):
 def new generation   total 89280K, used 82242K [0x102e0000, 0x163b0000, 0x182e0000)
  eden space 79424K, 100% used [0x102e0000, 0x15070000, 0x15070000)
  from space 9856K,  28% used [0x15a10000, 0x15cd0888, 0x163b0000)
  to   space 9856K,   0% used [0x15070000, 0x15070000, 0x15a10000)
 tenured generation   total 297220K, used 168685K [0x182e0000, 0x2a521000, 0x302e0000)
   the space 297220K,  56% used [0x182e0000, 0x2279b4c0, 0x2279b600, 0x2a521000)
 compacting perm gen  total 42752K, used 42589K [0x302e0000, 0x32ca0000, 0x362e0000)
   the space 42752K,  99% used [0x302e0000, 0x32c774d0, 0x32c77600, 0x32ca0000)
No shared spaces configured.
Event: 15763.696 GC heap after
Heap after GC invocations=302 (full 7):
 def new generation   total 89280K, used 2382K [0x102e0000, 0x163b0000, 0x182e0000)
  eden space 79424K,   0% used [0x102e0000, 0x102e0000, 0x15070000)
  from space 9856K,  24% used [0x15070000, 0x152c38a8, 0x15a10000)
  to   space 9856K,   0% used [0x15a10000, 0x15a10000, 0x163b0000)
 tenured generation   total 297220K, used 168685K [0x182e0000, 0x2a521000, 0x302e0000)
   the space 297220K,  56% used [0x182e0000, 0x2279b4c0, 0x2279b600, 0x2a521000)
 compacting perm gen  total 42752K, used 42589K [0x302e0000, 0x32ca0000, 0x362e0000)
   the space 42752K,  99% used [0x302e0000, 0x32c774d0, 0x32c77600, 0x32ca0000)
No shared spaces configured.
}
Event: 15814.622 GC heap before
{Heap before GC invocations=302 (full 7):
 def new generation   total 89280K, used 81806K [0x102e0000, 0x163b0000, 0x182e0000)
  eden space 79424K, 100% used [0x102e0000, 0x15070000, 0x15070000)
  from space 9856K,  24% used [0x15070000, 0x152c38a8, 0x15a10000)
  to   space 9856K,   0% used [0x15a10000, 0x15a10000, 0x163b0000)
 tenured generation   total 297220K, used 168685K [0x182e0000, 0x2a521000, 0x302e0000)
   the space 297220K,  56% used [0x182e0000, 0x2279b4c0, 0x2279b600, 0x2a521000)
 compacting perm gen  total 42752K, used 42589K [0x302e0000, 0x32ca0000, 0x362e0000)
   the space 42752K,  99% used [0x302e0000, 0x32c77590, 0x32c77600, 0x32ca0000)
No shared spaces configured.
Event: 15814.634 GC heap after
Heap after GC invocations=303 (full 7):
 def new generation   total 89280K, used 2405K [0x102e0000, 0x163b0000, 0x182e0000)
  eden space 79424K,   0% used [0x102e0000, 0x102e0000, 0x15070000)
  from space 9856K,  24% used [0x15a10000, 0x15c696d8, 0x163b0000)
  to   space 9856K,   0% used [0x15070000, 0x15070000, 0x15a10000)
 tenured generation   total 297220K, used 168685K [0x182e0000, 0x2a521000, 0x302e0000)
   the space 297220K,  56% used [0x182e0000, 0x2279b4c0, 0x2279b600, 0x2a521000)
 compacting perm gen  total 42752K, used 42589K [0x302e0000, 0x32ca0000, 0x362e0000)
   the space 42752K,  99% used [0x302e0000, 0x32c77590, 0x32c77600, 0x32ca0000)
No shared spaces configured.
}
Event: 15857.477 GC heap before
{Heap before GC invocations=303 (full 7):
 def new generation   total 89280K, used 81829K [0x102e0000, 0x163b0000, 0x182e0000)
  eden space 79424K, 100% used [0x102e0000, 0x15070000, 0x15070000)
  from space 9856K,  24% used [0x15a10000, 0x15c696d8, 0x163b0000)
  to   space 9856K,   0% used [0x15070000, 0x15070000, 0x15a10000)
 tenured generation   total 297220K, used 168685K [0x182e0000, 0x2a521000, 0x302e0000)
   the space 297220K,  56% used [0x182e0000, 0x2279b4c0, 0x2279b600, 0x2a521000)
 compacting perm gen  total 42752K, used 42589K [0x302e0000, 0x32ca0000, 0x362e0000)
   the space 42752K,  99% used [0x302e0000, 0x32c775b0, 0x32c77600, 0x32ca0000)
No shared spaces configured.
Event: 15857.486 GC heap after
Heap after GC invocations=304 (full 7):
 def new generation   total 89280K, used 2253K [0x102e0000, 0x163b0000, 0x182e0000)
  eden space 79424K,   0% used [0x102e0000, 0x102e0000, 0x15070000)
  from space 9856K,  22% used [0x15070000, 0x152a34b0, 0x15a10000)
  to   space 9856K,   0% used [0x15a10000, 0x15a10000, 0x163b0000)
 tenured generation   total 297220K, used 168685K [0x182e0000, 0x2a521000, 0x302e0000)
   the space 297220K,  56% used [0x182e0000, 0x2279b4c0, 0x2279b600, 0x2a521000)
 compacting perm gen  total 42752K, used 42589K [0x302e0000, 0x32ca0000, 0x362e0000)
   the space 42752K,  99% used [0x302e0000, 0x32c775b0, 0x32c77600, 0x32ca0000)
No shared spaces configured.
}
Event: 15892.624 GC heap before
{Heap before GC invocations=304 (full 7):
 def new generation   total 89280K, used 81677K [0x102e0000, 0x163b0000, 0x182e0000)
  eden space 79424K, 100% used [0x102e0000, 0x15070000, 0x15070000)
  from space 9856K,  22% used [0x15070000, 0x152a34b0, 0x15a10000)
  to   space 9856K,   0% used [0x15a10000, 0x15a10000, 0x163b0000)
 tenured generation   total 297220K, used 168685K [0x182e0000, 0x2a521000, 0x302e0000)
   the space 297220K,  56% used [0x182e0000, 0x2279b4c0, 0x2279b600, 0x2a521000)
 compacting perm gen  total 42752K, used 42589K [0x302e0000, 0x32ca0000, 0x362e0000)
   the space 42752K,  99% used [0x302e0000, 0x32c775d0, 0x32c77600, 0x32ca0000)
No shared spaces configured.
Event: 15892.637 GC heap after
Heap after GC invocations=305 (full 7):
 def new generation   total 89280K, used 2404K [0x102e0000, 0x163b0000, 0x182e0000)
  eden space 79424K,   0% used [0x102e0000, 0x102e0000, 0x15070000)
  from space 9856K,  24% used [0x15a10000, 0x15c69370, 0x163b0000)
  to   space 9856K,   0% used [0x15070000, 0x15070000, 0x15a10000)
 tenured generation   total 297220K, used 168685K [0x182e0000, 0x2a521000, 0x302e0000)
   the space 297220K,  56% used [0x182e0000, 0x2279b4c0, 0x2279b600, 0x2a521000)
 compacting perm gen  total 42752K, used 42589K [0x302e0000, 0x32ca0000, 0x362e0000)
   the space 42752K,  99% used [0x302e0000, 0x32c775d0, 0x32c77600, 0x32ca0000)
No shared spaces configured.
}
Event: 15914.763 GC heap before
{Heap before GC invocations=305 (full 7):
 def new generation   total 89280K, used 81828K [0x102e0000, 0x163b0000, 0x182e0000)
  eden space 79424K, 100% used [0x102e0000, 0x15070000, 0x15070000)
  from space 9856K,  24% used [0x15a10000, 0x15c69370, 0x163b0000)
  to   space 9856K,   0% used [0x15070000, 0x15070000, 0x15a10000)
 tenured generation   total 297220K, used 168685K [0x182e0000, 0x2a521000, 0x302e0000)
   the space 297220K,  56% used [0x182e0000, 0x2279b4c0, 0x2279b600, 0x2a521000)
 compacting perm gen  total 42752K, used 42624K [0x302e0000, 0x32ca0000, 0x362e0000)
   the space 42752K,  99% used [0x302e0000, 0x32c80370, 0x32c80400, 0x32ca0000)
No shared spaces configured.
Event: 15914.771 GC heap after
Heap after GC invocations=306 (full 7):
 def new generation   total 89280K, used 2595K [0x102e0000, 0x163b0000, 0x182e0000)
  eden space 79424K,   0% used [0x102e0000, 0x102e0000, 0x15070000)
  from space 9856K,  26% used [0x15070000, 0x152f8e50, 0x15a10000)
  to   space 9856K,   0% used [0x15a10000, 0x15a10000, 0x163b0000)
 tenured generation   total 297220K, used 168685K [0x182e0000, 0x2a521000, 0x302e0000)
   the space 297220K,  56% used [0x182e0000, 0x2279b4c0, 0x2279b600, 0x2a521000)
 compacting perm gen  total 42752K, used 42624K [0x302e0000, 0x32ca0000, 0x362e0000)
   the space 42752K,  99% used [0x302e0000, 0x32c80370, 0x32c80400, 0x32ca0000)
No shared spaces configured.
}

