# JRE version: 7.0_11-b21
# Java VM: Java HotSpot(TM) Client VM (23.6-b04 mixed mode windows-x86 )
Heap
 def new generation   total 52480K, used 36249K [0x102e0000, 0x13bd0000, 0x182e0000)
  eden space 46656K,  76% used [0x102e0000, 0x125ef400, 0x13070000)
  from space 5824K,   5% used [0x13620000, 0x13677278, 0x13bd0000)
  to   space 5824K,   0% used [0x13070000, 0x13070000, 0x13620000)
 tenured generation   total 174648K, used 102265K [0x182e0000, 0x22d6e000, 0x302e0000)
   the space 174648K,  58% used [0x182e0000, 0x1e6be628, 0x1e6be800, 0x22d6e000)
 compacting perm gen  total 41472K, used 41276K [0x302e0000, 0x32b60000, 0x362e0000)
   the space 41472K,  99% used [0x302e0000, 0x32b2f280, 0x32b2f400, 0x32b60000)
GC Heap History (10 events):
Event: 48709.673 GC heap before
{Heap before GC invocations=4406 (full 8):
 def new generation   total 52480K, used 48079K [0x102e0000, 0x13bd0000, 0x182e0000)
  eden space 46656K, 100% used [0x102e0000, 0x13070000, 0x13070000)
  from space 5824K,  24% used [0x13070000, 0x131d3f88, 0x13620000)
  to   space 5824K,   0% used [0x13620000, 0x13620000, 0x13bd0000)
 tenured generation   total 174648K, used 94975K [0x182e0000, 0x22d6e000, 0x302e0000)
   the space 174648K,  54% used [0x182e0000, 0x1df9fef8, 0x1dfa0000, 0x22d6e000)
 compacting perm gen  total 41472K, used 41218K [0x302e0000, 0x32b60000, 0x362e0000)
   the space 41472K,  99% used [0x302e0000, 0x32b20b78, 0x32b20c00, 0x32b60000)
No shared spaces configured.
Event: 48709.681 GC heap after
Heap after GC invocations=4407 (full 8):
 def new generation   total 52480K, used 1532K [0x102e0000, 0x13bd0000, 0x182e0000)
  eden space 46656K,   0% used [0x102e0000, 0x102e0000, 0x13070000)
  from space 5824K,  26% used [0x13620000, 0x1379f088, 0x13bd0000)
  to   space 5824K,   0% used [0x13070000, 0x13070000, 0x13620000)
 tenured generation   total 174648K, used 94975K [0x182e0000, 0x22d6e000, 0x302e0000)
   the space 174648K,  54% used [0x182e0000, 0x1df9fef8, 0x1dfa0000, 0x22d6e000)
 compacting perm gen  total 41472K, used 41218K [0x302e0000, 0x32b60000, 0x362e0000)
   the space 41472K,  99% used [0x302e0000, 0x32b20b78, 0x32b20c00, 0x32b60000)
No shared spaces configured.
}
Event: 48714.030 GC heap before
{Heap before GC invocations=4407 (full 8):
 def new generation   total 52480K, used 48188K [0x102e0000, 0x13bd0000, 0x182e0000)
  eden space 46656K, 100% used [0x102e0000, 0x13070000, 0x13070000)
  from space 5824K,  26% used [0x13620000, 0x1379f088, 0x13bd0000)
  to   space 5824K,   0% used [0x13070000, 0x13070000, 0x13620000)
 tenured generation   total 174648K, used 94975K [0x182e0000, 0x22d6e000, 0x302e0000)
   the space 174648K,  54% used [0x182e0000, 0x1df9fef8, 0x1dfa0000, 0x22d6e000)
 compacting perm gen  total 41472K, used 41229K [0x302e0000, 0x32b60000, 0x362e0000)
   the space 41472K,  99% used [0x302e0000, 0x32b23460, 0x32b23600, 0x32b60000)
No shared spaces configured.
Event: 48714.036 GC heap after
Heap after GC invocations=4408 (full 8):
 def new generation   total 52480K, used 2676K [0x102e0000, 0x13bd0000, 0x182e0000)
  eden space 46656K,   0% used [0x102e0000, 0x102e0000, 0x13070000)
  from space 5824K,  45% used [0x13070000, 0x1330d168, 0x13620000)
  to   space 5824K,   0% used [0x13620000, 0x13620000, 0x13bd0000)
 tenured generation   total 174648K, used 94975K [0x182e0000, 0x22d6e000, 0x302e0000)
   the space 174648K,  54% used [0x182e0000, 0x1df9fef8, 0x1dfa0000, 0x22d6e000)
 compacting perm gen  total 41472K, used 41229K [0x302e0000, 0x32b60000, 0x362e0000)
   the space 41472K,  99% used [0x302e0000, 0x32b23460, 0x32b23600, 0x32b60000)
No shared spaces configured.
}
Event: 48714.274 GC heap before
{Heap before GC invocations=4408 (full 8):
 def new generation   total 52480K, used 49332K [0x102e0000, 0x13bd0000, 0x182e0000)
  eden space 46656K, 100% used [0x102e0000, 0x13070000, 0x13070000)
  from space 5824K,  45% used [0x13070000, 0x1330d168, 0x13620000)
  to   space 5824K,   0% used [0x13620000, 0x13620000, 0x13bd0000)
 tenured generation   total 174648K, used 94975K [0x182e0000, 0x22d6e000, 0x302e0000)
   the space 174648K,  54% used [0x182e0000, 0x1df9fef8, 0x1dfa0000, 0x22d6e000)
 compacting perm gen  total 41472K, used 41231K [0x302e0000, 0x32b60000, 0x362e0000)
   the space 41472K,  99% used [0x302e0000, 0x32b23c48, 0x32b23e00, 0x32b60000)
No shared spaces configured.
Event: 48714.284 GC heap after
Heap after GC invocations=4409 (full 8):
 def new generation   total 52480K, used 5824K [0x102e0000, 0x13bd0000, 0x182e0000)
  eden space 46656K,   0% used [0x102e0000, 0x102e0000, 0x13070000)
  from space 5824K, 100% used [0x13620000, 0x13bd0000, 0x13bd0000)
  to   space 5824K,   0% used [0x13070000, 0x13070000, 0x13620000)
 tenured generation   total 174648K, used 95958K [0x182e0000, 0x22d6e000, 0x302e0000)
   the space 174648K,  54% used [0x182e0000, 0x1e095a00, 0x1e095a00, 0x22d6e000)
 compacting perm gen  total 41472K, used 41231K [0x302e0000, 0x32b60000, 0x362e0000)
   the space 41472K,  99% used [0x302e0000, 0x32b23c48, 0x32b23e00, 0x32b60000)
No shared spaces configured.
}
Event: 48717.875 GC heap before
{Heap before GC invocations=4409 (full 8):
 def new generation   total 52480K, used 52480K [0x102e0000, 0x13bd0000, 0x182e0000)
  eden space 46656K, 100% used [0x102e0000, 0x13070000, 0x13070000)
  from space 5824K, 100% used [0x13620000, 0x13bd0000, 0x13bd0000)
  to   space 5824K,   0% used [0x13070000, 0x13070000, 0x13620000)
 tenured generation   total 174648K, used 95958K [0x182e0000, 0x22d6e000, 0x302e0000)
   the space 174648K,  54% used [0x182e0000, 0x1e095a00, 0x1e095a00, 0x22d6e000)
 compacting perm gen  total 41472K, used 41233K [0x302e0000, 0x32b60000, 0x362e0000)
   the space 41472K,  99% used [0x302e0000, 0x32b246e8, 0x32b24800, 0x32b60000)
No shared spaces configured.
Event: 48717.902 GC heap after
Heap after GC invocations=4410 (full 8):
 def new generation   total 52480K, used 2998K [0x102e0000, 0x13bd0000, 0x182e0000)
  eden space 46656K,   0% used [0x102e0000, 0x102e0000, 0x13070000)
  from space 5824K,  51% used [0x13070000, 0x1335d970, 0x13620000)
  to   space 5824K,   0% used [0x13620000, 0x13620000, 0x13bd0000)
 tenured generation   total 174648K, used 101296K [0x182e0000, 0x22d6e000, 0x302e0000)
   the space 174648K,  58% used [0x182e0000, 0x1e5cc0d8, 0x1e5cc200, 0x22d6e000)
 compacting perm gen  total 41472K, used 41233K [0x302e0000, 0x32b60000, 0x362e0000)
   the space 41472K,  99% used [0x302e0000, 0x32b246e8, 0x32b24800, 0x32b60000)
No shared spaces configured.
}
Event: 48761.250 GC heap before
{Heap before GC invocations=4410 (full 8):
 def new generation   total 52480K, used 49654K [0x102e0000, 0x13bd0000, 0x182e0000)
  eden space 46656K, 100% used [0x102e0000, 0x13070000, 0x13070000)
  from space 5824K,  51% used [0x13070000, 0x1335d970, 0x13620000)
  to   space 5824K,   0% used [0x13620000, 0x13620000, 0x13bd0000)
 tenured generation   total 174648K, used 101296K [0x182e0000, 0x22d6e000, 0x302e0000)
   the space 174648K,  58% used [0x182e0000, 0x1e5cc0d8, 0x1e5cc200, 0x22d6e000)
 compacting perm gen  total 41472K, used 41233K [0x302e0000, 0x32b60000, 0x362e0000)
   the space 41472K,  99% used [0x302e0000, 0x32b246e8, 0x32b24800, 0x32b60000)
No shared spaces configured.
Event: 48761.255 GC heap after
Heap after GC invocations=4411 (full 8):
 def new generation   total 52480K, used 348K [0x102e0000, 0x13bd0000, 0x182e0000)
  eden space 46656K,   0% used [0x102e0000, 0x102e0000, 0x13070000)
  from space 5824K,   5% used [0x13620000, 0x13677278, 0x13bd0000)
  to   space 5824K,   0% used [0x13070000, 0x13070000, 0x13620000)
 tenured generation   total 174648K, used 102265K [0x182e0000, 0x22d6e000, 0x302e0000)
   the space 174648K,  58% used [0x182e0000, 0x1e6be628, 0x1e6be800, 0x22d6e000)
 compacting perm gen  total 41472K, used 41233K [0x302e0000, 0x32b60000, 0x362e0000)
   the space 41472K,  99% used [0x302e0000, 0x32b246e8, 0x32b24800, 0x32b60000)
No shared spaces configured.
}

