# JRE version: 7.0_11-b21
# Java VM: Java HotSpot(TM) Client VM (23.6-b04 mixed mode windows-x86 )
Heap
 def new generation   total 94464K, used 9055K [0x102e0000, 0x16960000, 0x182e0000)
  eden space 83968K,   6% used [0x102e0000, 0x1080c340, 0x154e0000)
  from space 10496K,  35% used [0x154e0000, 0x1588b970, 0x15f20000)
  to   space 10496K,   0% used [0x15f20000, 0x15f20000, 0x16960000)
 tenured generation   total 314616K, used 192145K [0x182e0000, 0x2b61e000, 0x302e0000)
   the space 314616K,  61% used [0x182e0000, 0x23e84600, 0x23e84600, 0x2b61e000)
 compacting perm gen  total 43776K, used 43583K [0x302e0000, 0x32da0000, 0x362e0000)
   the space 43776K,  99% used [0x302e0000, 0x32d6feb8, 0x32d70000, 0x32da0000)
GC Heap History (10 events):
Event: 5345.882 GC heap before
{Heap before GC invocations=334 (full 5):
 def new generation   total 94464K, used 87836K [0x102e0000, 0x16960000, 0x182e0000)
  eden space 83968K, 100% used [0x102e0000, 0x154e0000, 0x154e0000)
  from space 10496K,  36% used [0x15f20000, 0x162e71e8, 0x16960000)
  to   space 10496K,   0% used [0x154e0000, 0x154e0000, 0x15f20000)
 tenured generation   total 314616K, used 188769K [0x182e0000, 0x2b61e000, 0x302e0000)
   the space 314616K,  59% used [0x182e0000, 0x23b38548, 0x23b38600, 0x2b61e000)
 compacting perm gen  total 43776K, used 43573K [0x302e0000, 0x32da0000, 0x362e0000)
   the space 43776K,  99% used [0x302e0000, 0x32d6d6f0, 0x32d6d800, 0x32da0000)
No shared spaces configured.
Event: 5345.898 GC heap after
Heap after GC invocations=335 (full 5):
 def new generation   total 94464K, used 3591K [0x102e0000, 0x16960000, 0x182e0000)
  eden space 83968K,   0% used [0x102e0000, 0x102e0000, 0x154e0000)
  from space 10496K,  34% used [0x154e0000, 0x15861da0, 0x15f20000)
  to   space 10496K,   0% used [0x15f20000, 0x15f20000, 0x16960000)
 tenured generation   total 314616K, used 188769K [0x182e0000, 0x2b61e000, 0x302e0000)
   the space 314616K,  59% used [0x182e0000, 0x23b38548, 0x23b38600, 0x2b61e000)
 compacting perm gen  total 43776K, used 43573K [0x302e0000, 0x32da0000, 0x362e0000)
   the space 43776K,  99% used [0x302e0000, 0x32d6d6f0, 0x32d6d800, 0x32da0000)
No shared spaces configured.
}
Event: 5375.317 GC heap before
{Heap before GC invocations=335 (full 5):
 def new generation   total 94464K, used 87559K [0x102e0000, 0x16960000, 0x182e0000)
  eden space 83968K, 100% used [0x102e0000, 0x154e0000, 0x154e0000)
  from space 10496K,  34% used [0x154e0000, 0x15861da0, 0x15f20000)
  to   space 10496K,   0% used [0x15f20000, 0x15f20000, 0x16960000)
 tenured generation   total 314616K, used 188769K [0x182e0000, 0x2b61e000, 0x302e0000)
   the space 314616K,  59% used [0x182e0000, 0x23b38548, 0x23b38600, 0x2b61e000)
 compacting perm gen  total 43776K, used 43573K [0x302e0000, 0x32da0000, 0x362e0000)
   the space 43776K,  99% used [0x302e0000, 0x32d6d780, 0x32d6d800, 0x32da0000)
No shared spaces configured.
Event: 5375.331 GC heap after
Heap after GC invocations=336 (full 5):
 def new generation   total 94464K, used 6482K [0x102e0000, 0x16960000, 0x182e0000)
  eden space 83968K,   0% used [0x102e0000, 0x102e0000, 0x154e0000)
  from space 10496K,  61% used [0x15f20000, 0x16574880, 0x16960000)
  to   space 10496K,   0% used [0x154e0000, 0x154e0000, 0x15f20000)
 tenured generation   total 314616K, used 188769K [0x182e0000, 0x2b61e000, 0x302e0000)
   the space 314616K,  59% used [0x182e0000, 0x23b38548, 0x23b38600, 0x2b61e000)
 compacting perm gen  total 43776K, used 43573K [0x302e0000, 0x32da0000, 0x362e0000)
   the space 43776K,  99% used [0x302e0000, 0x32d6d780, 0x32d6d800, 0x32da0000)
No shared spaces configured.
}
Event: 5398.599 GC heap before
{Heap before GC invocations=336 (full 5):
 def new generation   total 94464K, used 90450K [0x102e0000, 0x16960000, 0x182e0000)
  eden space 83968K, 100% used [0x102e0000, 0x154e0000, 0x154e0000)
  from space 10496K,  61% used [0x15f20000, 0x16574880, 0x16960000)
  to   space 10496K,   0% used [0x154e0000, 0x154e0000, 0x15f20000)
 tenured generation   total 314616K, used 188769K [0x182e0000, 0x2b61e000, 0x302e0000)
   the space 314616K,  59% used [0x182e0000, 0x23b38548, 0x23b38600, 0x2b61e000)
 compacting perm gen  total 43776K, used 43573K [0x302e0000, 0x32da0000, 0x362e0000)
   the space 43776K,  99% used [0x302e0000, 0x32d6d780, 0x32d6d800, 0x32da0000)
No shared spaces configured.
Event: 5398.616 GC heap after
Heap after GC invocations=337 (full 5):
 def new generation   total 94464K, used 5870K [0x102e0000, 0x16960000, 0x182e0000)
  eden space 83968K,   0% used [0x102e0000, 0x102e0000, 0x154e0000)
  from space 10496K,  55% used [0x154e0000, 0x15a9ba88, 0x15f20000)
  to   space 10496K,   0% used [0x15f20000, 0x15f20000, 0x16960000)
 tenured generation   total 314616K, used 190351K [0x182e0000, 0x2b61e000, 0x302e0000)
   the space 314616K,  60% used [0x182e0000, 0x23cc3cd8, 0x23cc3e00, 0x2b61e000)
 compacting perm gen  total 43776K, used 43573K [0x302e0000, 0x32da0000, 0x362e0000)
   the space 43776K,  99% used [0x302e0000, 0x32d6d780, 0x32d6d800, 0x32da0000)
No shared spaces configured.
}
Event: 5445.353 GC heap before
{Heap before GC invocations=337 (full 5):
 def new generation   total 94464K, used 89838K [0x102e0000, 0x16960000, 0x182e0000)
  eden space 83968K, 100% used [0x102e0000, 0x154e0000, 0x154e0000)
  from space 10496K,  55% used [0x154e0000, 0x15a9ba88, 0x15f20000)
  to   space 10496K,   0% used [0x15f20000, 0x15f20000, 0x16960000)
 tenured generation   total 314616K, used 190351K [0x182e0000, 0x2b61e000, 0x302e0000)
   the space 314616K,  60% used [0x182e0000, 0x23cc3cd8, 0x23cc3e00, 0x2b61e000)
 compacting perm gen  total 43776K, used 43583K [0x302e0000, 0x32da0000, 0x362e0000)
   the space 43776K,  99% used [0x302e0000, 0x32d6fe78, 0x32d70000, 0x32da0000)
No shared spaces configured.
Event: 5445.366 GC heap after
Heap after GC invocations=338 (full 5):
 def new generation   total 94464K, used 3589K [0x102e0000, 0x16960000, 0x182e0000)
  eden space 83968K,   0% used [0x102e0000, 0x102e0000, 0x154e0000)
  from space 10496K,  34% used [0x15f20000, 0x162a1600, 0x16960000)
  to   space 10496K,   0% used [0x154e0000, 0x154e0000, 0x15f20000)
 tenured generation   total 314616K, used 192145K [0x182e0000, 0x2b61e000, 0x302e0000)
   the space 314616K,  61% used [0x182e0000, 0x23e84600, 0x23e84600, 0x2b61e000)
 compacting perm gen  total 43776K, used 43583K [0x302e0000, 0x32da0000, 0x362e0000)
   the space 43776K,  99% used [0x302e0000, 0x32d6fe78, 0x32d70000, 0x32da0000)
No shared spaces configured.
}
Event: 5500.826 GC heap before
{Heap before GC invocations=338 (full 5):
 def new generation   total 94464K, used 87557K [0x102e0000, 0x16960000, 0x182e0000)
  eden space 83968K, 100% used [0x102e0000, 0x154e0000, 0x154e0000)
  from space 10496K,  34% used [0x15f20000, 0x162a1600, 0x16960000)
  to   space 10496K,   0% used [0x154e0000, 0x154e0000, 0x15f20000)
 tenured generation   total 314616K, used 192145K [0x182e0000, 0x2b61e000, 0x302e0000)
   the space 314616K,  61% used [0x182e0000, 0x23e84600, 0x23e84600, 0x2b61e000)
 compacting perm gen  total 43776K, used 43583K [0x302e0000, 0x32da0000, 0x362e0000)
   the space 43776K,  99% used [0x302e0000, 0x32d6feb8, 0x32d70000, 0x32da0000)
No shared spaces configured.
Event: 5500.842 GC heap after
Heap after GC invocations=339 (full 5):
 def new generation   total 94464K, used 3758K [0x102e0000, 0x16960000, 0x182e0000)
  eden space 83968K,   0% used [0x102e0000, 0x102e0000, 0x154e0000)
  from space 10496K,  35% used [0x154e0000, 0x1588b970, 0x15f20000)
  to   space 10496K,   0% used [0x15f20000, 0x15f20000, 0x16960000)
 tenured generation   total 314616K, used 192145K [0x182e0000, 0x2b61e000, 0x302e0000)
   the space 314616K,  61% used [0x182e0000, 0x23e84600, 0x23e84600, 0x2b61e000)
 compacting perm gen  total 43776K, used 43583K [0x302e0000, 0x32da0000, 0x362e0000)
   the space 43776K,  99% used [0x302e0000, 0x32d6feb8, 0x32d70000, 0x32da0000)
No shared spaces configured.
}

