# JRE version: 7.0_11-b21
# Java VM: Java HotSpot(TM) Client VM (23.6-b04 mixed mode windows-x86 )
Heap
 def new generation   total 78400K, used 33035K [0x102e0000, 0x157f0000, 0x182e0000)
  eden space 69696K,  43% used [0x102e0000, 0x1207e0b8, 0x146f0000)
  from space 8704K,  31% used [0x14f70000, 0x15214df0, 0x157f0000)
  to   space 8704K,   0% used [0x146f0000, 0x146f0000, 0x14f70000)
 tenured generation   total 260956K, used 177559K [0x182e0000, 0x281b7000, 0x302e0000)
   the space 260956K,  68% used [0x182e0000, 0x23045ec8, 0x23046000, 0x281b7000)
 compacting perm gen  total 39936K, used 39873K [0x302e0000, 0x329e0000, 0x362e0000)
   the space 39936K,  99% used [0x302e0000, 0x329d0610, 0x329d0800, 0x329e0000)
GC Heap History (10 events):
Event: 5469.888 GC heap before
{Heap before GC invocations=242 (full 4):
 def new generation   total 78400K, used 70792K [0x102e0000, 0x157f0000, 0x182e0000)
  eden space 69696K, 100% used [0x102e0000, 0x146f0000, 0x146f0000)
  from space 8704K,  12% used [0x146f0000, 0x14802058, 0x14f70000)
  to   space 8704K,   0% used [0x14f70000, 0x14f70000, 0x157f0000)
 tenured generation   total 260956K, used 177095K [0x182e0000, 0x281b7000, 0x302e0000)
   the space 260956K,  67% used [0x182e0000, 0x22fd1f60, 0x22fd2000, 0x281b7000)
 compacting perm gen  total 39936K, used 39753K [0x302e0000, 0x329e0000, 0x362e0000)
   the space 39936K,  99% used [0x302e0000, 0x329b2428, 0x329b2600, 0x329e0000)
No shared spaces configured.
Event: 5469.893 GC heap after
Heap after GC invocations=243 (full 4):
 def new generation   total 78400K, used 1085K [0x102e0000, 0x157f0000, 0x182e0000)
  eden space 69696K,   0% used [0x102e0000, 0x102e0000, 0x146f0000)
  from space 8704K,  12% used [0x14f70000, 0x1507f6c0, 0x157f0000)
  to   space 8704K,   0% used [0x146f0000, 0x146f0000, 0x14f70000)
 tenured generation   total 260956K, used 177095K [0x182e0000, 0x281b7000, 0x302e0000)
   the space 260956K,  67% used [0x182e0000, 0x22fd1f60, 0x22fd2000, 0x281b7000)
 compacting perm gen  total 39936K, used 39753K [0x302e0000, 0x329e0000, 0x362e0000)
   the space 39936K,  99% used [0x302e0000, 0x329b2428, 0x329b2600, 0x329e0000)
No shared spaces configured.
}
Event: 5653.017 GC heap before
{Heap before GC invocations=243 (full 4):
 def new generation   total 78400K, used 70781K [0x102e0000, 0x157f0000, 0x182e0000)
  eden space 69696K, 100% used [0x102e0000, 0x146f0000, 0x146f0000)
  from space 8704K,  12% used [0x14f70000, 0x1507f6c0, 0x157f0000)
  to   space 8704K,   0% used [0x146f0000, 0x146f0000, 0x14f70000)
 tenured generation   total 260956K, used 177095K [0x182e0000, 0x281b7000, 0x302e0000)
   the space 260956K,  67% used [0x182e0000, 0x22fd1f60, 0x22fd2000, 0x281b7000)
 compacting perm gen  total 39936K, used 39753K [0x302e0000, 0x329e0000, 0x362e0000)
   the space 39936K,  99% used [0x302e0000, 0x329b2448, 0x329b2600, 0x329e0000)
No shared spaces configured.
Event: 5653.026 GC heap after
Heap after GC invocations=244 (full 4):
 def new generation   total 78400K, used 851K [0x102e0000, 0x157f0000, 0x182e0000)
  eden space 69696K,   0% used [0x102e0000, 0x102e0000, 0x146f0000)
  from space 8704K,   9% used [0x146f0000, 0x147c4cc0, 0x14f70000)
  to   space 8704K,   0% used [0x14f70000, 0x14f70000, 0x157f0000)
 tenured generation   total 260956K, used 177323K [0x182e0000, 0x281b7000, 0x302e0000)
   the space 260956K,  67% used [0x182e0000, 0x2300acf8, 0x2300ae00, 0x281b7000)
 compacting perm gen  total 39936K, used 39753K [0x302e0000, 0x329e0000, 0x362e0000)
   the space 39936K,  99% used [0x302e0000, 0x329b2448, 0x329b2600, 0x329e0000)
No shared spaces configured.
}
Event: 5821.049 GC heap before
{Heap before GC invocations=244 (full 4):
 def new generation   total 78400K, used 70547K [0x102e0000, 0x157f0000, 0x182e0000)
  eden space 69696K, 100% used [0x102e0000, 0x146f0000, 0x146f0000)
  from space 8704K,   9% used [0x146f0000, 0x147c4cc0, 0x14f70000)
  to   space 8704K,   0% used [0x14f70000, 0x14f70000, 0x157f0000)
 tenured generation   total 260956K, used 177323K [0x182e0000, 0x281b7000, 0x302e0000)
   the space 260956K,  67% used [0x182e0000, 0x2300acf8, 0x2300ae00, 0x281b7000)
 compacting perm gen  total 39936K, used 39753K [0x302e0000, 0x329e0000, 0x362e0000)
   the space 39936K,  99% used [0x302e0000, 0x329b24d8, 0x329b2600, 0x329e0000)
No shared spaces configured.
Event: 5821.053 GC heap after
Heap after GC invocations=245 (full 4):
 def new generation   total 78400K, used 879K [0x102e0000, 0x157f0000, 0x182e0000)
  eden space 69696K,   0% used [0x102e0000, 0x102e0000, 0x146f0000)
  from space 8704K,  10% used [0x14f70000, 0x1504bde0, 0x157f0000)
  to   space 8704K,   0% used [0x146f0000, 0x146f0000, 0x14f70000)
 tenured generation   total 260956K, used 177331K [0x182e0000, 0x281b7000, 0x302e0000)
   the space 260956K,  67% used [0x182e0000, 0x2300ccb8, 0x2300ce00, 0x281b7000)
 compacting perm gen  total 39936K, used 39753K [0x302e0000, 0x329e0000, 0x362e0000)
   the space 39936K,  99% used [0x302e0000, 0x329b24d8, 0x329b2600, 0x329e0000)
No shared spaces configured.
}
Event: 5826.352 GC heap before
{Heap before GC invocations=245 (full 4):
 def new generation   total 78400K, used 70575K [0x102e0000, 0x157f0000, 0x182e0000)
  eden space 69696K, 100% used [0x102e0000, 0x146f0000, 0x146f0000)
  from space 8704K,  10% used [0x14f70000, 0x1504bde0, 0x157f0000)
  to   space 8704K,   0% used [0x146f0000, 0x146f0000, 0x14f70000)
 tenured generation   total 260956K, used 177331K [0x182e0000, 0x281b7000, 0x302e0000)
   the space 260956K,  67% used [0x182e0000, 0x2300ccb8, 0x2300ce00, 0x281b7000)
 compacting perm gen  total 39936K, used 39753K [0x302e0000, 0x329e0000, 0x362e0000)
   the space 39936K,  99% used [0x302e0000, 0x329b2518, 0x329b2600, 0x329e0000)
No shared spaces configured.
Event: 5826.356 GC heap after
Heap after GC invocations=246 (full 4):
 def new generation   total 78400K, used 1997K [0x102e0000, 0x157f0000, 0x182e0000)
  eden space 69696K,   0% used [0x102e0000, 0x102e0000, 0x146f0000)
  from space 8704K,  22% used [0x146f0000, 0x148e3468, 0x14f70000)
  to   space 8704K,   0% used [0x14f70000, 0x14f70000, 0x157f0000)
 tenured generation   total 260956K, used 177559K [0x182e0000, 0x281b7000, 0x302e0000)
   the space 260956K,  68% used [0x182e0000, 0x23045ec8, 0x23046000, 0x281b7000)
 compacting perm gen  total 39936K, used 39753K [0x302e0000, 0x329e0000, 0x362e0000)
   the space 39936K,  99% used [0x302e0000, 0x329b2518, 0x329b2600, 0x329e0000)
No shared spaces configured.
}
Event: 5844.173 GC heap before
{Heap before GC invocations=246 (full 4):
 def new generation   total 78400K, used 71693K [0x102e0000, 0x157f0000, 0x182e0000)
  eden space 69696K, 100% used [0x102e0000, 0x146f0000, 0x146f0000)
  from space 8704K,  22% used [0x146f0000, 0x148e3468, 0x14f70000)
  to   space 8704K,   0% used [0x14f70000, 0x14f70000, 0x157f0000)
 tenured generation   total 260956K, used 177559K [0x182e0000, 0x281b7000, 0x302e0000)
   the space 260956K,  68% used [0x182e0000, 0x23045ec8, 0x23046000, 0x281b7000)
 compacting perm gen  total 39936K, used 39852K [0x302e0000, 0x329e0000, 0x362e0000)
   the space 39936K,  99% used [0x302e0000, 0x329cb0c0, 0x329cb200, 0x329e0000)
No shared spaces configured.
Event: 5844.183 GC heap after
Heap after GC invocations=247 (full 4):
 def new generation   total 78400K, used 2707K [0x102e0000, 0x157f0000, 0x182e0000)
  eden space 69696K,   0% used [0x102e0000, 0x102e0000, 0x146f0000)
  from space 8704K,  31% used [0x14f70000, 0x15214df0, 0x157f0000)
  to   space 8704K,   0% used [0x146f0000, 0x146f0000, 0x14f70000)
 tenured generation   total 260956K, used 177559K [0x182e0000, 0x281b7000, 0x302e0000)
   the space 260956K,  68% used [0x182e0000, 0x23045ec8, 0x23046000, 0x281b7000)
 compacting perm gen  total 39936K, used 39852K [0x302e0000, 0x329e0000, 0x362e0000)
   the space 39936K,  99% used [0x302e0000, 0x329cb0c0, 0x329cb200, 0x329e0000)
No shared spaces configured.
}

